Starting Dapr with id tapr-2023-equipe1-diplomahistorico-javascript. HTTP Port: 43757. gRPC Port: 46675
Updating metadata for cliPID: 9282
time="2023-11-30T23:45:34.230608486Z" level=info msg="Starting Dapr Runtime -- version 1.12.2 -- commit f954254ed520409602024ea6d507d0405afa1f07" app_id=tapr-2023-equipe1-diplomahistorico-javascript instance=codespaces-2a7442 scope=dapr.runtime type=log ver=1.12.2
time="2023-11-30T23:45:34.230675852Z" level=info msg="Log level set to: info" app_id=tapr-2023-equipe1-diplomahistorico-javascript instance=codespaces-2a7442 scope=dapr.runtime type=log ver=1.12.2
time="2023-11-30T23:45:34.230878119Z" level=warning msg="mTLS is disabled. Skipping certificate request and tls validation" app_id=tapr-2023-equipe1-diplomahistorico-javascript instance=codespaces-2a7442 scope=dapr.runtime.security type=log ver=1.12.2
time="2023-11-30T23:45:34.232113672Z" level=info msg="standalone mode configured" app_id=tapr-2023-equipe1-diplomahistorico-javascript instance=codespaces-2a7442 scope=dapr.runtime type=log ver=1.12.2
time="2023-11-30T23:45:34.232449047Z" level=info msg="app id: tapr-2023-equipe1-diplomahistorico-javascript" app_id=tapr-2023-equipe1-diplomahistorico-javascript instance=codespaces-2a7442 scope=dapr.runtime type=log ver=1.12.2
time="2023-11-30T23:45:34.232560545Z" level=info msg="Dapr trace sampler initialized: DaprTraceSampler(P=1.000000)" app_id=tapr-2023-equipe1-diplomahistorico-javascript instance=codespaces-2a7442 scope=dapr.runtime type=log ver=1.12.2
time="2023-11-30T23:45:34.233350618Z" level=info msg="local service entry announced: tapr-2023-equipe1-diplomahistorico-javascript -> 172.16.5.4:46475" app_id=tapr-2023-equipe1-diplomahistorico-javascript component="mdns (nameResolution/v1)" instance=codespaces-2a7442 scope=dapr.contrib type=log ver=1.12.2
time="2023-11-30T23:45:34.233669884Z" level=info msg="Initialized name resolution to mdns" app_id=tapr-2023-equipe1-diplomahistorico-javascript instance=codespaces-2a7442 scope=dapr.runtime type=log ver=1.12.2
time="2023-11-30T23:45:34.233997475Z" level=info msg="Loading components…" app_id=tapr-2023-equipe1-diplomahistorico-javascript instance=codespaces-2a7442 scope=dapr.runtime type=log ver=1.12.2
time="2023-11-30T23:45:34.232134883Z" level=info msg="metrics server started on :45445/" app_id=tapr-2023-equipe1-diplomahistorico-javascript instance=codespaces-2a7442 scope=dapr.runtime type=log ver=1.12.2
time="2023-11-30T23:45:34.23532487Z" level=info msg="Waiting for all outstanding components to be processed…" app_id=tapr-2023-equipe1-diplomahistorico-javascript instance=codespaces-2a7442 scope=dapr.runtime type=log ver=1.12.2
time="2023-11-30T23:45:37.236518301Z" level=info msg="Component loaded: servicebus-pubsub (pubsub.azure.servicebus.topics/v1)" app_id=tapr-2023-equipe1-diplomahistorico-javascript instance=codespaces-2a7442 scope=dapr.runtime type=log ver=1.12.2
time="2023-11-30T23:45:37.236597388Z" level=info msg="All outstanding components processed" app_id=tapr-2023-equipe1-diplomahistorico-javascript instance=codespaces-2a7442 scope=dapr.runtime type=log ver=1.12.2
time="2023-11-30T23:45:37.236632404Z" level=info msg="Loading endpoints…" app_id=tapr-2023-equipe1-diplomahistorico-javascript instance=codespaces-2a7442 scope=dapr.runtime type=log ver=1.12.2
time="2023-11-30T23:45:37.237060051Z" level=info msg="Waiting for all outstanding http endpoints to be processed…" app_id=tapr-2023-equipe1-diplomahistorico-javascript instance=codespaces-2a7442 scope=dapr.runtime type=log ver=1.12.2
time="2023-11-30T23:45:37.237100136Z" level=info msg="All outstanding http endpoints processed" app_id=tapr-2023-equipe1-diplomahistorico-javascript instance=codespaces-2a7442 scope=dapr.runtime type=log ver=1.12.2
time="2023-11-30T23:45:37.23723103Z" level=info msg="gRPC server listening on TCP address: :46675" app_id=tapr-2023-equipe1-diplomahistorico-javascript instance=codespaces-2a7442 scope=dapr.runtime.grpc.api type=log ver=1.12.2
time="2023-11-30T23:45:37.237273649Z" level=info msg="Enabled gRPC tracing middleware" app_id=tapr-2023-equipe1-diplomahistorico-javascript instance=codespaces-2a7442 scope=dapr.runtime.grpc.api type=log ver=1.12.2
time="2023-11-30T23:45:37.237313454Z" level=info msg="Enabled gRPC metrics middleware" app_id=tapr-2023-equipe1-diplomahistorico-javascript instance=codespaces-2a7442 scope=dapr.runtime.grpc.api type=log ver=1.12.2
time="2023-11-30T23:45:37.237425302Z" level=info msg="Registering workflow engine for gRPC endpoint: [::]:46675" app_id=tapr-2023-equipe1-diplomahistorico-javascript instance=codespaces-2a7442 scope=dapr.runtime.grpc.api type=log ver=1.12.2
time="2023-11-30T23:45:37.237488129Z" level=info msg="API gRPC server is running on port 46675" app_id=tapr-2023-equipe1-diplomahistorico-javascript instance=codespaces-2a7442 scope=dapr.runtime type=log ver=1.12.2
time="2023-11-30T23:45:37.237585691Z" level=info msg="Enabled max body size HTTP middleware with size 4 MB" app_id=tapr-2023-equipe1-diplomahistorico-javascript instance=codespaces-2a7442 scope=dapr.runtime.http type=log ver=1.12.2
time="2023-11-30T23:45:37.237624975Z" level=info msg="Enabled tracing HTTP middleware" app_id=tapr-2023-equipe1-diplomahistorico-javascript instance=codespaces-2a7442 scope=dapr.runtime.http type=log ver=1.12.2
time="2023-11-30T23:45:37.237653357Z" level=info msg="Enabled metrics HTTP middleware" app_id=tapr-2023-equipe1-diplomahistorico-javascript instance=codespaces-2a7442 scope=dapr.runtime.http type=log ver=1.12.2
time="2023-11-30T23:45:37.238048625Z" level=info msg="HTTP server listening on TCP address: :43757" app_id=tapr-2023-equipe1-diplomahistorico-javascript instance=codespaces-2a7442 scope=dapr.runtime.http type=log ver=1.12.2
time="2023-11-30T23:45:37.238095813Z" level=info msg="HTTP server is running on port 43757" app_id=tapr-2023-equipe1-diplomahistorico-javascript instance=codespaces-2a7442 scope=dapr.runtime type=log ver=1.12.2
time="2023-11-30T23:45:37.238119988Z" level=info msg="The request body size parameter is: 4" app_id=tapr-2023-equipe1-diplomahistorico-javascript instance=codespaces-2a7442 scope=dapr.runtime type=log ver=1.12.2
time="2023-11-30T23:45:37.238173047Z" level=info msg="gRPC server listening on TCP address: :46475" app_id=tapr-2023-equipe1-diplomahistorico-javascript instance=codespaces-2a7442 scope=dapr.runtime.grpc.internal type=log ver=1.12.2
time="2023-11-30T23:45:37.238209394Z" level=info msg="Enabled gRPC tracing middleware" app_id=tapr-2023-equipe1-diplomahistorico-javascript instance=codespaces-2a7442 scope=dapr.runtime.grpc.internal type=log ver=1.12.2
time="2023-11-30T23:45:37.238234952Z" level=info msg="Enabled gRPC metrics middleware" app_id=tapr-2023-equipe1-diplomahistorico-javascript instance=codespaces-2a7442 scope=dapr.runtime.grpc.internal type=log ver=1.12.2
time="2023-11-30T23:45:37.238286208Z" level=info msg="Internal gRPC server is running on port 46475" app_id=tapr-2023-equipe1-diplomahistorico-javascript instance=codespaces-2a7442 scope=dapr.runtime type=log ver=1.12.2
time="2023-11-30T23:45:37.2383678Z" level=info msg="application protocol: http. waiting on port 3000.  This will block until the app is listening on that port." app_id=tapr-2023-equipe1-diplomahistorico-javascript instance=codespaces-2a7442 scope=dapr.runtime type=log ver=1.12.2
time="2023-11-30T23:45:38.0441223Z" level=info msg="application discovered on port 3000" app_id=tapr-2023-equipe1-diplomahistorico-javascript instance=codespaces-2a7442 scope=dapr.runtime type=log ver=1.12.2
time="2023-11-30T23:45:38.09918962Z" level=info msg="Application configuration loaded" app_id=tapr-2023-equipe1-diplomahistorico-javascript instance=codespaces-2a7442 scope=dapr.runtime type=log ver=1.12.2
time="2023-11-30T23:45:38.099239332Z" level=info msg="actors: state store is not configured - this is okay for clients but services with hosted actors will fail to initialize!" app_id=tapr-2023-equipe1-diplomahistorico-javascript instance=codespaces-2a7442 scope=dapr.runtime type=log ver=1.12.2
time="2023-11-30T23:45:38.099312268Z" level=info msg="Actor runtime started. Actor idle timeout: 1h0m0s. Actor scan interval: 30s" app_id=tapr-2023-equipe1-diplomahistorico-javascript instance=codespaces-2a7442 scope=dapr.runtime.actor type=log ver=1.12.2
time="2023-11-30T23:45:38.099358575Z" level=info msg="Configuring workflow engine with actors backend" app_id=tapr-2023-equipe1-diplomahistorico-javascript instance=codespaces-2a7442 scope=dapr.runtime.wfengine type=log ver=1.12.2
time="2023-11-30T23:45:38.099387399Z" level=info msg="Registering component for dapr workflow engine..." app_id=tapr-2023-equipe1-diplomahistorico-javascript instance=codespaces-2a7442 scope=dapr.runtime type=log ver=1.12.2
time="2023-11-30T23:45:38.09942037Z" level=info msg="Initializing Dapr workflow component" app_id=tapr-2023-equipe1-diplomahistorico-javascript component="dapr (workflow.dapr/v1)" instance=codespaces-2a7442 scope=dapr.contrib type=log ver=1.12.2
time="2023-11-30T23:45:38.106954279Z" level=info msg="app is subscribed to the following topics: [topico-equipe-1-historico_secretaria] through pubsub=servicebus-pubsub" app_id=tapr-2023-equipe1-diplomahistorico-javascript instance=codespaces-2a7442 scope=dapr.runtime.processor.pubsub type=log ver=1.12.2
time="2023-11-30T23:45:38.118464166Z" level=info msg="Placement tables updated, version: 0" app_id=tapr-2023-equipe1-diplomahistorico-javascript instance=codespaces-2a7442 scope=dapr.runtime.actors.placement type=log ver=1.12.2
Updating metadata for app command: npm run dev
Updating metadata for appPID: 9297
You're up and running! Dapr logs will appear here.

time="2023-11-30T23:45:41.576706567Z" level=info msg="dapr initialized. Status: Running. Init Elapsed 7344ms" app_id=tapr-2023-equipe1-diplomahistorico-javascript instance=codespaces-2a7442 scope=dapr.runtime type=log ver=1.12.2
time="2023-12-01T00:34:58.951235421Z" level=info msg="Received signal 'interrupt'; beginning shutdown" app_id=tapr-2023-equipe1-diplomahistorico-javascript instance=codespaces-2a7442 scope=dapr.signals type=log ver=1.12.2

termination signal received: shutting down
Exited Dapr successfully
Exited App successfully
