Starting Dapr with id tapr-2023-equipe1-diplomahistorico-javascript. HTTP Port: 45057. gRPC Port: 38615
Updating metadata for cliPID: 56662
time="2023-12-01T00:51:49.986435316Z" level=info msg="Starting Dapr Runtime -- version 1.12.2 -- commit f954254ed520409602024ea6d507d0405afa1f07" app_id=tapr-2023-equipe1-diplomahistorico-javascript instance=codespaces-2a7442 scope=dapr.runtime type=log ver=1.12.2
time="2023-12-01T00:51:49.986778787Z" level=info msg="Log level set to: info" app_id=tapr-2023-equipe1-diplomahistorico-javascript instance=codespaces-2a7442 scope=dapr.runtime type=log ver=1.12.2
time="2023-12-01T00:51:49.987253712Z" level=warning msg="mTLS is disabled. Skipping certificate request and tls validation" app_id=tapr-2023-equipe1-diplomahistorico-javascript instance=codespaces-2a7442 scope=dapr.runtime.security type=log ver=1.12.2
time="2023-12-01T00:51:49.988800587Z" level=info msg="metrics server started on :35833/" app_id=tapr-2023-equipe1-diplomahistorico-javascript instance=codespaces-2a7442 scope=dapr.runtime type=log ver=1.12.2
time="2023-12-01T00:51:49.989340845Z" level=info msg="standalone mode configured" app_id=tapr-2023-equipe1-diplomahistorico-javascript instance=codespaces-2a7442 scope=dapr.runtime type=log ver=1.12.2
time="2023-12-01T00:51:49.989632228Z" level=info msg="app id: tapr-2023-equipe1-diplomahistorico-javascript" app_id=tapr-2023-equipe1-diplomahistorico-javascript instance=codespaces-2a7442 scope=dapr.runtime type=log ver=1.12.2
time="2023-12-01T00:51:49.989917139Z" level=info msg="Dapr trace sampler initialized: DaprTraceSampler(P=1.000000)" app_id=tapr-2023-equipe1-diplomahistorico-javascript instance=codespaces-2a7442 scope=dapr.runtime type=log ver=1.12.2
time="2023-12-01T00:51:49.99079161Z" level=info msg="local service entry announced: tapr-2023-equipe1-diplomahistorico-javascript -> 172.16.5.4:33359" app_id=tapr-2023-equipe1-diplomahistorico-javascript component="mdns (nameResolution/v1)" instance=codespaces-2a7442 scope=dapr.contrib type=log ver=1.12.2
time="2023-12-01T00:51:49.991049872Z" level=info msg="Initialized name resolution to mdns" app_id=tapr-2023-equipe1-diplomahistorico-javascript instance=codespaces-2a7442 scope=dapr.runtime type=log ver=1.12.2
time="2023-12-01T00:51:49.991336266Z" level=info msg="Loading components…" app_id=tapr-2023-equipe1-diplomahistorico-javascript instance=codespaces-2a7442 scope=dapr.runtime type=log ver=1.12.2
time="2023-12-01T00:51:49.992167697Z" level=info msg="Waiting for all outstanding components to be processed…" app_id=tapr-2023-equipe1-diplomahistorico-javascript instance=codespaces-2a7442 scope=dapr.runtime type=log ver=1.12.2
time="2023-12-01T00:51:52.992938811Z" level=info msg="Component loaded: servicebus-pubsub (pubsub.azure.servicebus.topics/v1)" app_id=tapr-2023-equipe1-diplomahistorico-javascript instance=codespaces-2a7442 scope=dapr.runtime type=log ver=1.12.2
time="2023-12-01T00:51:52.993011396Z" level=info msg="All outstanding components processed" app_id=tapr-2023-equipe1-diplomahistorico-javascript instance=codespaces-2a7442 scope=dapr.runtime type=log ver=1.12.2
time="2023-12-01T00:51:52.993032436Z" level=info msg="Loading endpoints…" app_id=tapr-2023-equipe1-diplomahistorico-javascript instance=codespaces-2a7442 scope=dapr.runtime type=log ver=1.12.2
time="2023-12-01T00:51:52.993381006Z" level=info msg="Waiting for all outstanding http endpoints to be processed…" app_id=tapr-2023-equipe1-diplomahistorico-javascript instance=codespaces-2a7442 scope=dapr.runtime type=log ver=1.12.2
time="2023-12-01T00:51:52.993423956Z" level=info msg="All outstanding http endpoints processed" app_id=tapr-2023-equipe1-diplomahistorico-javascript instance=codespaces-2a7442 scope=dapr.runtime type=log ver=1.12.2
time="2023-12-01T00:51:52.993538179Z" level=info msg="gRPC server listening on TCP address: :38615" app_id=tapr-2023-equipe1-diplomahistorico-javascript instance=codespaces-2a7442 scope=dapr.runtime.grpc.api type=log ver=1.12.2
time="2023-12-01T00:51:52.993583163Z" level=info msg="Enabled gRPC tracing middleware" app_id=tapr-2023-equipe1-diplomahistorico-javascript instance=codespaces-2a7442 scope=dapr.runtime.grpc.api type=log ver=1.12.2
time="2023-12-01T00:51:52.993628698Z" level=info msg="Enabled gRPC metrics middleware" app_id=tapr-2023-equipe1-diplomahistorico-javascript instance=codespaces-2a7442 scope=dapr.runtime.grpc.api type=log ver=1.12.2
time="2023-12-01T00:51:52.993718255Z" level=info msg="Registering workflow engine for gRPC endpoint: [::]:38615" app_id=tapr-2023-equipe1-diplomahistorico-javascript instance=codespaces-2a7442 scope=dapr.runtime.grpc.api type=log ver=1.12.2
time="2023-12-01T00:51:52.993791772Z" level=info msg="API gRPC server is running on port 38615" app_id=tapr-2023-equipe1-diplomahistorico-javascript instance=codespaces-2a7442 scope=dapr.runtime type=log ver=1.12.2
time="2023-12-01T00:51:52.993896998Z" level=info msg="Enabled max body size HTTP middleware with size 4 MB" app_id=tapr-2023-equipe1-diplomahistorico-javascript instance=codespaces-2a7442 scope=dapr.runtime.http type=log ver=1.12.2
time="2023-12-01T00:51:52.993937894Z" level=info msg="Enabled tracing HTTP middleware" app_id=tapr-2023-equipe1-diplomahistorico-javascript instance=codespaces-2a7442 scope=dapr.runtime.http type=log ver=1.12.2
time="2023-12-01T00:51:52.99396243Z" level=info msg="Enabled metrics HTTP middleware" app_id=tapr-2023-equipe1-diplomahistorico-javascript instance=codespaces-2a7442 scope=dapr.runtime.http type=log ver=1.12.2
time="2023-12-01T00:51:52.994280764Z" level=info msg="HTTP server listening on TCP address: :45057" app_id=tapr-2023-equipe1-diplomahistorico-javascript instance=codespaces-2a7442 scope=dapr.runtime.http type=log ver=1.12.2
time="2023-12-01T00:51:52.994329845Z" level=info msg="HTTP server is running on port 45057" app_id=tapr-2023-equipe1-diplomahistorico-javascript instance=codespaces-2a7442 scope=dapr.runtime type=log ver=1.12.2
time="2023-12-01T00:51:52.994357968Z" level=info msg="The request body size parameter is: 4" app_id=tapr-2023-equipe1-diplomahistorico-javascript instance=codespaces-2a7442 scope=dapr.runtime type=log ver=1.12.2
time="2023-12-01T00:51:52.994410145Z" level=info msg="gRPC server listening on TCP address: :33359" app_id=tapr-2023-equipe1-diplomahistorico-javascript instance=codespaces-2a7442 scope=dapr.runtime.grpc.internal type=log ver=1.12.2
time="2023-12-01T00:51:52.994442395Z" level=info msg="Enabled gRPC tracing middleware" app_id=tapr-2023-equipe1-diplomahistorico-javascript instance=codespaces-2a7442 scope=dapr.runtime.grpc.internal type=log ver=1.12.2
time="2023-12-01T00:51:52.994465588Z" level=info msg="Enabled gRPC metrics middleware" app_id=tapr-2023-equipe1-diplomahistorico-javascript instance=codespaces-2a7442 scope=dapr.runtime.grpc.internal type=log ver=1.12.2
time="2023-12-01T00:51:52.994516373Z" level=info msg="Internal gRPC server is running on port 33359" app_id=tapr-2023-equipe1-diplomahistorico-javascript instance=codespaces-2a7442 scope=dapr.runtime type=log ver=1.12.2
time="2023-12-01T00:51:52.994602644Z" level=info msg="application protocol: http. waiting on port 3000.  This will block until the app is listening on that port." app_id=tapr-2023-equipe1-diplomahistorico-javascript instance=codespaces-2a7442 scope=dapr.runtime type=log ver=1.12.2
time="2023-12-01T00:51:53.597911484Z" level=info msg="application discovered on port 3000" app_id=tapr-2023-equipe1-diplomahistorico-javascript instance=codespaces-2a7442 scope=dapr.runtime type=log ver=1.12.2
time="2023-12-01T00:51:53.729612189Z" level=info msg="Application configuration loaded" app_id=tapr-2023-equipe1-diplomahistorico-javascript instance=codespaces-2a7442 scope=dapr.runtime type=log ver=1.12.2
time="2023-12-01T00:51:53.729679354Z" level=info msg="actors: state store is not configured - this is okay for clients but services with hosted actors will fail to initialize!" app_id=tapr-2023-equipe1-diplomahistorico-javascript instance=codespaces-2a7442 scope=dapr.runtime type=log ver=1.12.2
time="2023-12-01T00:51:53.729770434Z" level=info msg="Actor runtime started. Actor idle timeout: 1h0m0s. Actor scan interval: 30s" app_id=tapr-2023-equipe1-diplomahistorico-javascript instance=codespaces-2a7442 scope=dapr.runtime.actor type=log ver=1.12.2
time="2023-12-01T00:51:53.729824715Z" level=info msg="Configuring workflow engine with actors backend" app_id=tapr-2023-equipe1-diplomahistorico-javascript instance=codespaces-2a7442 scope=dapr.runtime.wfengine type=log ver=1.12.2
time="2023-12-01T00:51:53.729858598Z" level=info msg="Registering component for dapr workflow engine..." app_id=tapr-2023-equipe1-diplomahistorico-javascript instance=codespaces-2a7442 scope=dapr.runtime type=log ver=1.12.2
time="2023-12-01T00:51:53.729894385Z" level=info msg="Initializing Dapr workflow component" app_id=tapr-2023-equipe1-diplomahistorico-javascript component="dapr (workflow.dapr/v1)" instance=codespaces-2a7442 scope=dapr.contrib type=log ver=1.12.2
time="2023-12-01T00:51:53.742296565Z" level=info msg="app is subscribed to the following topics: [topico-equipe-1-historico_secretaria] through pubsub=servicebus-pubsub" app_id=tapr-2023-equipe1-diplomahistorico-javascript instance=codespaces-2a7442 scope=dapr.runtime.processor.pubsub type=log ver=1.12.2
time="2023-12-01T00:51:53.757127764Z" level=info msg="Placement tables updated, version: 0" app_id=tapr-2023-equipe1-diplomahistorico-javascript instance=codespaces-2a7442 scope=dapr.runtime.actors.placement type=log ver=1.12.2
Updating metadata for app command: npm run dev
Updating metadata for appPID: 56676
You're up and running! Dapr logs will appear here.

time="2023-12-01T00:51:57.537445761Z" level=info msg="dapr initialized. Status: Running. Init Elapsed 7548ms" app_id=tapr-2023-equipe1-diplomahistorico-javascript instance=codespaces-2a7442 scope=dapr.runtime type=log ver=1.12.2

termination signal received: shutting down
time="2023-12-01T00:52:49.946387072Z" level=info msg="Received signal 'interrupt'; beginning shutdown" app_id=tapr-2023-equipe1-diplomahistorico-javascript instance=codespaces-2a7442 scope=dapr.signals type=log ver=1.12.2
Exited Dapr successfully
Exited App successfully
